c:\users\joel\desktop\design patterns\aiebootstrap\temp\project2d\debug\vc140.pdb
c:\users\joel\desktop\design patterns\aiebootstrap\temp\project2d\debug\vc140.idb
c:\users\joel\desktop\design patterns\aiebootstrap\temp\project2d\debug\application2d.obj
c:\users\joel\desktop\design patterns\aiebootstrap\temp\project2d\debug\game.obj
c:\users\joel\desktop\design patterns\aiebootstrap\temp\project2d\debug\loading.obj
c:\users\joel\desktop\design patterns\aiebootstrap\temp\project2d\debug\main.obj
c:\users\joel\desktop\design patterns\aiebootstrap\temp\project2d\debug\menu.obj
c:\users\joel\desktop\design patterns\aiebootstrap\temp\project2d\debug\quitsingleton.obj
c:\users\joel\desktop\design patterns\aiebootstrap\temp\project2d\debug\splash.obj
c:\users\joel\desktop\design patterns\aiebootstrap\temp\project2d\debug\splash2.obj
c:\users\joel\desktop\design patterns\aiebootstrap\temp\project2d\debug\statemachine.obj
c:\users\joel\desktop\design patterns\aiebootstrap\temp\project2d\debug\project2d.ilk
c:\users\joel\desktop\design patterns\aiebootstrap\temp\project2d\debug\project2d.exe
c:\users\joel\desktop\design patterns\aiebootstrap\temp\project2d\debug\project2d.pdb
c:\users\joel\desktop\design patterns\aiebootstrap\temp\project2d\debug\project2d.tlog\cl.command.1.tlog
c:\users\joel\desktop\design patterns\aiebootstrap\temp\project2d\debug\project2d.tlog\cl.read.1.tlog
c:\users\joel\desktop\design patterns\aiebootstrap\temp\project2d\debug\project2d.tlog\cl.write.1.tlog
c:\users\joel\desktop\design patterns\aiebootstrap\temp\project2d\debug\project2d.tlog\link.command.1.tlog
c:\users\joel\desktop\design patterns\aiebootstrap\temp\project2d\debug\project2d.tlog\link.read.1.tlog
c:\users\joel\desktop\design patterns\aiebootstrap\temp\project2d\debug\project2d.tlog\link.write.1.tlog
